<?xml version="1.0" encoding="UTF-8"?>
<!-- Generated by org.testng.reporters.JUnitReportReporter -->
<testsuite hostname="Praveens-MacBook-Pro-2.local" failures="1" tests="17" name="runner.TestRunner" time="86.220" errors="0" timestamp="2023-10-16T10:36:16 IST" skipped="0">
  <testcase classname="runner.TestRunner" name="runScenario" time="4.146"/>
  <testcase classname="runner.TestRunner" name="runScenario" time="8.138"/>
  <testcase classname="runner.TestRunner" name="runScenario" time="4.173"/>
  <testcase classname="runner.TestRunner" name="runScenario" time="5.245"/>
  <testcase classname="runner.TestRunner" name="runScenario" time="3.904"/>
  <testcase classname="runner.TestRunner" name="runScenario" time="4.492"/>
  <testcase classname="runner.TestRunner" name="runScenario" time="4.996"/>
  <testcase classname="runner.TestRunner" name="runScenario" time="4.159"/>
  <testcase classname="runner.TestRunner" name="runScenario" time="5.032"/>
  <testcase classname="runner.TestRunner" name="runScenario" time="4.802">
    <failure message="expected [password_mismatch:The two password fields didn’t match.] but found [New Account Created. You are logged in asNumpyNinjaUser10]" type="java.lang.AssertionError">
      <![CDATA[java.lang.AssertionError: expected [password_mismatch:The two password fields didn’t match.] but found [New Account Created. You are logged in asNumpyNinjaUser10]
at org.testng.Assert.fail(Assert.java:111)
at org.testng.Assert.failNotEquals(Assert.java:1578)
at org.testng.Assert.assertEqualsImpl(Assert.java:150)
at org.testng.Assert.assertEquals(Assert.java:132)
at org.testng.Assert.assertEquals(Assert.java:656)
at org.testng.Assert.assertEquals(Assert.java:666)
at stepDefinitions.registerPageSteps.user_should_be_logged_in_successfully(registerPageSteps.java:363)
at ✽.User should be logged in successfully(file:///Users/praveenkumarsharma/eclipse-workspace/justdsalgo/src/test/resources/features/register.feature:95)
]]>
    </failure>
  </testcase> <!-- runScenario -->
  <testcase classname="runner.TestRunner" name="runScenario" time="3.832"/>
  <testcase classname="runner.TestRunner" name="runScenario" time="9.249"/>
  <testcase classname="runner.TestRunner" name="runScenario" time="5.106"/>
  <testcase classname="runner.TestRunner" name="runScenario" time="5.015"/>
  <testcase classname="runner.TestRunner" name="runScenario" time="3.994"/>
  <testcase classname="runner.TestRunner" name="runScenario" time="5.093"/>
  <testcase classname="runner.TestRunner" name="runScenario" time="4.844"/>
</testsuite> <!-- runner.TestRunner -->
