<?xml version="1.0" encoding="UTF-8"?>
<!-- Generated by org.testng.reporters.JUnitReportReporter -->
<testsuite hostname="Praveens-MacBook-Pro-2.local" failures="0" tests="4" name="runner.TestRunner" time="22.995" errors="0" timestamp="2023-10-15T18:10:00 IST" skipped="0">
  <testcase classname="runner.TestRunner" name="runScenario" time="6.249"/>
  <testcase classname="runner.TestRunner" name="runScenario" time="4.825"/>
  <testcase classname="runner.TestRunner" name="runScenario" time="4.500"/>
  <testcase classname="runner.TestRunner" name="runScenario" time="7.421"/>
</testsuite> <!-- runner.TestRunner -->
