<?xml version="1.0" encoding="UTF-8"?>
<!-- Generated by org.testng.reporters.JUnitReportReporter -->
<testsuite hostname="Praveens-MacBook-Pro-2.local" failures="0" tests="4" name="runner.TestRunner" time="21.373" errors="0" timestamp="2023-10-24T18:13:28 IST" skipped="0">
  <testcase classname="runner.TestRunner" name="runScenario" time="5.349"/>
  <testcase classname="runner.TestRunner" name="runScenario" time="3.862"/>
  <testcase classname="runner.TestRunner" name="runScenario" time="7.841"/>
  <testcase classname="runner.TestRunner" name="runScenario" time="4.321"/>
</testsuite> <!-- runner.TestRunner -->
