<?xml version="1.0" encoding="UTF-8"?>
<!-- Generated by org.testng.reporters.JUnitReportReporter -->
<testsuite hostname="Praveens-MacBook-Pro-2.local" failures="0" tests="1" name="runner.TestRunner" time="6.747" errors="0" timestamp="2023-10-05T17:43:50 IST" skipped="0">
  <testcase classname="runner.TestRunner" name="runScenario" time="6.747"/>
</testsuite> <!-- runner.TestRunner -->
