<?xml version="1.0" encoding="UTF-8"?>
<!-- Generated by org.testng.reporters.JUnitReportReporter -->
<testsuite hostname="Praveens-MacBook-Pro-2.local" failures="0" tests="1" name="runner.TestRunner" time="11.722" errors="0" timestamp="2023-10-23T12:14:12 IST" skipped="0">
  <testcase classname="runner.TestRunner" name="runScenario" time="11.722"/>
</testsuite> <!-- runner.TestRunner -->
